Upload success
Msg = Upload success.
----------------------------
Id = 0
Filename: rust_container_cheat_sheet.png
FileInfo: 2550 x 1431
StoreName: VYFITf9likzseEb.jpg
Size: 365468
Path: /2019/12/18/VYFITf9likzseEb.jpg
Hash: W21hF95jnBHx4otMrgPDI7ZLXc
Url: https://i.loli.net/2019/12/18/VYFITf9likzseEb.jpg
Delete url link: https://sm.ms/delete/W21hF95jnBHx4otMrgPDI7ZLXc
Page link: https://sm.ms/image/VYFITf9likzseEb
RequestId = 57EA3A29-1E88-4207-B645-BFD61497FE3C


Upload success
Msg = Upload success.
----------------------------
Id = 0
Filename: rust_container_cheat_sheet_1.jpg
FileInfo: 564 x 778
StoreName: aBxnh9qfzgJQcj3.jpg
Size: 53880
Path: /2019/12/20/aBxnh9qfzgJQcj3.jpg
Hash: P1iuTIXVUj8tGBJs5cgZKe3Wkh
Url: https://i.loli.net/2019/12/20/aBxnh9qfzgJQcj3.jpg
Delete url link: https://sm.ms/delete/P1iuTIXVUj8tGBJs5cgZKe3Wkh
Page link: https://sm.ms/image/aBxnh9qfzgJQcj3
RequestId = 12C082A5-C53D-451A-8A58-C13B49C082C4
Upload success
Msg = Upload success.
----------------------------
Id = 0
Filename: rust_container_cheat_sheet_2.jpg
FileInfo: 1082 x 1052
StoreName: geoTGCr7pEV1SfM.jpg
Size: 141205
Path: /2019/12/20/geoTGCr7pEV1SfM.jpg
Hash: WoaFsylrPkhOXe9g1IGZJKudTQ
Url: https://i.loli.net/2019/12/20/geoTGCr7pEV1SfM.jpg
Delete url link: https://sm.ms/delete/WoaFsylrPkhOXe9g1IGZJKudTQ
Page link: https://sm.ms/image/geoTGCr7pEV1SfM
RequestId = 3F2AFD5D-EB16-486A-82C3-A2FD0FC8742B
Upload success
Msg = Upload success.
----------------------------
Id = 0
Filename: rust_container_cheat_sheet_3.jpg
FileInfo: 712 x 710
StoreName: omZhFUvGYtpDKA6.jpg
Size: 53189
Path: /2019/12/20/omZhFUvGYtpDKA6.jpg
Hash: lPQf8yoRN3aABm4rMUKTzuLJEh
Url: https://i.loli.net/2019/12/20/omZhFUvGYtpDKA6.jpg
Delete url link: https://sm.ms/delete/lPQf8yoRN3aABm4rMUKTzuLJEh
Page link: https://sm.ms/image/omZhFUvGYtpDKA6
RequestId = 8C31DF40-D1DA-48F4-878A-798ABAF8E6BB
Upload success
Msg = Upload success.
----------------------------
Id = 0
Filename: rust_container_cheat_sheet_4.jpg
FileInfo: 538 x 362
StoreName: MIHwvKVUcYD4OdN.jpg
Size: 31636
Path: /2019/12/20/MIHwvKVUcYD4OdN.jpg
Hash: 4SVgvl6LnqdyTtu2RG3aXB7MFs
Url: https://i.loli.net/2019/12/20/MIHwvKVUcYD4OdN.jpg
Delete url link: https://sm.ms/delete/4SVgvl6LnqdyTtu2RG3aXB7MFs
Page link: https://sm.ms/image/MIHwvKVUcYD4OdN
RequestId = 77ED9E74-EF03-4196-9BA0-AF767EB959E8
Upload success
Msg = Upload success.
----------------------------
Id = 0
Filename: rust_container_cheat_sheet_5.jpg
FileInfo: 432 x 296
StoreName: Jd3uxKm8oGBZyip.jpg
Size: 26707
Path: /2019/12/20/Jd3uxKm8oGBZyip.jpg
Hash: hojVgJqb2OGdktXaZA8Pl3zYNQ
Url: https://i.loli.net/2019/12/20/Jd3uxKm8oGBZyip.jpg
Delete url link: https://sm.ms/delete/hojVgJqb2OGdktXaZA8Pl3zYNQ
Page link: https://sm.ms/image/Jd3uxKm8oGBZyip
RequestId = BD72E514-1853-4AF4-AF88-7D47645B84D8
Upload success
Msg = Upload success.
----------------------------
Id = 0
Filename: rust_container_cheat_sheet_6.jpg
FileInfo: 676 x 176
StoreName: PNFe7SOXHBmqb85.jpg
Size: 15015
Path: /2019/12/20/PNFe7SOXHBmqb85.jpg
Hash: uf95azJvIWSwMUxXFNLbndOlKZ
Url: https://i.loli.net/2019/12/20/PNFe7SOXHBmqb85.jpg
Delete url link: https://sm.ms/delete/uf95azJvIWSwMUxXFNLbndOlKZ
Page link: https://sm.ms/image/PNFe7SOXHBmqb85
RequestId = 126DA6D4-FCE9-450A-BB8F-35B6D3CED034
Upload success
Msg = Upload success.
----------------------------
Id = 0
Filename: rust_container_cheat_sheet_7.jpg
FileInfo: 740 x 280
StoreName: z8HweojDFmv7MCT.jpg
Size: 31115
Path: /2019/12/20/z8HweojDFmv7MCT.jpg
Hash: yLufGD29TJq3PKbtaRoB7OivS8
Url: https://i.loli.net/2019/12/20/z8HweojDFmv7MCT.jpg
Delete url link: https://sm.ms/delete/yLufGD29TJq3PKbtaRoB7OivS8
Page link: https://sm.ms/image/z8HweojDFmv7MCT
RequestId = ECC4CCB3-BA4B-44CD-80D6-D55173FFDE12
Upload success
Msg = Upload success.
----------------------------
Id = 0
Filename: life_gospers_glider_gun.gif
FileInfo: 250 x 180
StoreName: 3pVTGyYuqDR5wWs.gif
Size: 21272
Path: /2019/12/21/3pVTGyYuqDR5wWs.gif
Hash: myz6aPeRMdKxqtwsb2poFiZ9gl
Url: https://i.loli.net/2019/12/21/3pVTGyYuqDR5wWs.gif
Delete url link: https://sm.ms/delete/myz6aPeRMdKxqtwsb2poFiZ9gl
Page link: https://sm.ms/image/3pVTGyYuqDR5wWs
RequestId = 3081378D-888B-4F4C-90B7-6144F11913FB
Upload success
Msg = Upload success.
----------------------------
Id = 0
Filename: paper.jpg
FileInfo: 1100 x 733
StoreName: z67GyonWaHQf9Pd.jpg
Size: 162528
Path: /2019/12/26/z67GyonWaHQf9Pd.jpg
Hash: SvngrKHQdy5TsY9wPu8ULml4bc
Url: https://i.loli.net/2019/12/26/z67GyonWaHQf9Pd.jpg
Delete url link: https://sm.ms/delete/SvngrKHQdy5TsY9wPu8ULml4bc
Page link: https://sm.ms/image/z67GyonWaHQf9Pd
RequestId = 2CEBE859-F282-4776-9F01-406FF7595AA3
Upload success
Msg = Upload success.
----------------------------
Id = 0
Filename: git-tamper.png
FileInfo: 724 x 527
StoreName: kz1nqluhMLyH4mR.png
Size: 40419
Path: /2019/12/30/kz1nqluhMLyH4mR.png
Hash: qQAKyGHPm5khcU1vugtD8oF6Eb
Url: https://i.loli.net/2019/12/30/kz1nqluhMLyH4mR.png
Delete url link: https://sm.ms/delete/qQAKyGHPm5khcU1vugtD8oF6Eb
Page link: https://sm.ms/image/kz1nqluhMLyH4mR
RequestId = A91A3D9F-A6AD-4648-AD55-190ECF23C56B
Upload success
Msg = Upload success.
----------------------------
Id = 0
Filename: cat.png
FileInfo: 280 x 280
StoreName: YnlVIG2dhZjpQT1.png
Size: 1441
Path: /2020/03/16/YnlVIG2dhZjpQT1.png
Hash: qybhZI4wljGAmcvgr2HMKuYV8O
Url: https://i.loli.net/2020/03/16/YnlVIG2dhZjpQT1.png
Delete url link: https://sm.ms/delete/qybhZI4wljGAmcvgr2HMKuYV8O
Page link: https://sm.ms/image/YnlVIG2dhZjpQT1
RequestId = 50F1BA61-A76F-4136-9345-5477FB81A6DFUpload success
Msg = Upload success.
----------------------------
Id = 0
Filename: lerp.gif
FileInfo: 300 x 300
StoreName: uoCX9flTyn4eKbi.gif
Size: 400867
Path: /2020/04/07/uoCX9flTyn4eKbi.gif
Hash: vtA3eURXgjFVTJqsM59ziyWZok
Url: https://i.loli.net/2020/04/07/uoCX9flTyn4eKbi.gif
Delete url link: https://sm.ms/delete/vtA3eURXgjFVTJqsM59ziyWZok
Page link: https://sm.ms/image/uoCX9flTyn4eKbi
RequestId = 5906BE9B-0193-4A35-BC10-E04490B5A89C

----------------------------
Id = 0
Filename: Magicavoxel-snap2018-09-26-13-21-50.png
FileInfo: 1887 x 1038
StoreName: 1XAsCTjMxqLoR2p.png
Size: 1392954
Path: /2020/04/09/1XAsCTjMxqLoR2p.png
Hash: AI5d9wlmQoJax3qBDHNGfL1sYU
Url: https://i.loli.net/2020/04/09/1XAsCTjMxqLoR2p.png
Delete url link: https://sm.ms/delete/AI5d9wlmQoJax3qBDHNGfL1sYU
Page link: https://sm.ms/image/1XAsCTjMxqLoR2p
RequestId = 43C32C1D-751F-4D5C-9293-35DF8560CC46
Upload success
Msg = Upload success.
----------------------------
Id = 0
Filename: Magicavoxel.jpg
FileInfo: 2100 x 1164
StoreName: UPi5xsdoQXvJfrj.jpg
Size: 345865
Path: /2020/04/09/UPi5xsdoQXvJfrj.jpg
Hash: LcgUkldyFfDQRB7PKWoAN4JZeq
Url: https://i.loli.net/2020/04/09/UPi5xsdoQXvJfrj.jpg
Delete url link: https://sm.ms/delete/LcgUkldyFfDQRB7PKWoAN4JZeq
Page link: https://sm.ms/image/UPi5xsdoQXvJfrj
RequestId = EA22B9C0-DBD2-46A5-A08E-57E89B0686AC
Upload success
Msg = Upload success.
----------------------------
Id = 0
Filename: otp.jpg
FileInfo: 1027 x 1203
StoreName: 6jh1wKeBSmnf5Jy.jpg
Size: 70831
Path: /2020/04/17/6jh1wKeBSmnf5Jy.jpg
Hash: vWnScsh2ECYmViodeXNUyQw5Ka
Url: https://i.loli.net/2020/04/17/6jh1wKeBSmnf5Jy.jpg
Delete url link: https://sm.ms/delete/vWnScsh2ECYmViodeXNUyQw5Ka
Page link: https://sm.ms/image/6jh1wKeBSmnf5Jy
RequestId = 7CE51BDC-7D1D-4F46-88D4-C27A061A3CAA
Upload success
Msg = Upload success.
----------------------------
Id = 0
Filename: shader-shield.gif
FileInfo: 400 x 332
StoreName: corPbEdOXL2i9wl.gif
Size: 610222
Path: /2020/04/24/corPbEdOXL2i9wl.gif
Hash: 2tnuwr7imbseNR1FWILKBcayS9
Url: https://i.loli.net/2020/04/24/corPbEdOXL2i9wl.gif
Delete url link: https://sm.ms/delete/2tnuwr7imbseNR1FWILKBcayS9
Page link: https://sm.ms/image/corPbEdOXL2i9wl
RequestId = 2D8007F5-B083-4AF5-B234-401B19342ABB
Upload success
Msg = Upload success.
----------------------------
Id = 0
Filename: shader-cave-light.gif
FileInfo: 482 x 410
StoreName: SyKMTnV6uhz1cRB.gif
Size: 623777
Path: /2020/04/24/SyKMTnV6uhz1cRB.gif
Hash: l3wvXDnZ1gS5jEukIHL8TQ2qPe
Url: https://i.loli.net/2020/04/24/SyKMTnV6uhz1cRB.gif
Delete url link: https://sm.ms/delete/l3wvXDnZ1gS5jEukIHL8TQ2qPe
Page link: https://sm.ms/image/SyKMTnV6uhz1cRB
RequestId = 0E9B299F-4E83-4C83-9091-D85B02C10EE5
Upload success
Msg = Upload success.
----------------------------
Id = 0
Filename: shader-dancing.gif
FileInfo: 576 x 432
StoreName: 48MZSzgDwK7FPWl.gif
Size: 607472
Path: /2020/04/24/48MZSzgDwK7FPWl.gif
Hash: IPK8ju63pRyq2wvV7lr1xk5Abf
Url: https://i.loli.net/2020/04/24/48MZSzgDwK7FPWl.gif
Delete url link: https://sm.ms/delete/IPK8ju63pRyq2wvV7lr1xk5Abf
Page link: https://sm.ms/image/48MZSzgDwK7FPWl
RequestId = 131F6BAD-5B19-4C7A-B8A0-8A06501E0155
Upload success
Msg = Upload success.
----------------------------
Id = 0
Filename: shader-clock.gif
FileInfo: 206 x 160
StoreName: 1jYQ4EBv2AunRKX.gif
Size: 28091
Path: /2020/04/24/1jYQ4EBv2AunRKX.gif
Hash: qxw4OJh8X1giZ7UcyCQebMdYBR
Url: https://i.loli.net/2020/04/24/1jYQ4EBv2AunRKX.gif
Delete url link: https://sm.ms/delete/qxw4OJh8X1giZ7UcyCQebMdYBR
Page link: https://sm.ms/image/1jYQ4EBv2AunRKX
RequestId = C6B4CCD1-6681-43DB-B1A5-6D85345ED11A
Upload success
Msg = Upload success.
----------------------------
Id = 0
Filename: shader-snow.gif
FileInfo: 495 x 223
StoreName: xmFDLJeEUZXpfhG.gif
Size: 339064
Path: /2020/04/24/xmFDLJeEUZXpfhG.gif
Hash: quUG75BSWmkApYvDIziXTthZlH
Url: https://i.loli.net/2020/04/24/xmFDLJeEUZXpfhG.gif
Delete url link: https://sm.ms/delete/quUG75BSWmkApYvDIziXTthZlH
Page link: https://sm.ms/image/xmFDLJeEUZXpfhG
RequestId = A5A46997-5FF3-4A36-95DB-E52B36FF512C
Upload success
Msg = Upload success.
----------------------------
Id = 0
Filename: shader-water-shadow.gif
FileInfo: 800 x 293
StoreName: f4z3XGdgx2LcwSy.gif
Size: 427778
Path: /2020/04/24/f4z3XGdgx2LcwSy.gif
Hash: hzep8PQcuSkyx3YobCXNZL1vrE
Url: https://i.loli.net/2020/04/24/f4z3XGdgx2LcwSy.gif
Delete url link: https://sm.ms/delete/hzep8PQcuSkyx3YobCXNZL1vrE
Page link: https://sm.ms/image/f4z3XGdgx2LcwSy
RequestId = D2CEAC40-EA9A-4F72-BA77-410747DE4764
Upload success
Msg = Upload success.
----------------------------
Id = 0
Filename: shader-water01.gif
FileInfo: 300 x 309
StoreName: WZpItV83N6BKseL.gif
Size: 755177
Path: /2020/04/24/WZpItV83N6BKseL.gif
Hash: BmjGCon5sbHJUzruyOIktX1WFT
Url: https://i.loli.net/2020/04/24/WZpItV83N6BKseL.gif
Delete url link: https://sm.ms/delete/BmjGCon5sbHJUzruyOIktX1WFT
Page link: https://sm.ms/image/WZpItV83N6BKseL
RequestId = 9B740CC0-DFDD-4948-B4E8-62B833C9F328
Upload success
Msg = Upload success.
----------------------------
Id = 0
Filename: firacode.png
FileInfo: 1508 x 2652
StoreName: MuFxhgQVsE21P6Z.png
Size: 168186
Path: /2020/06/05/MuFxhgQVsE21P6Z.png
Hash: X6k3cYJ9TErSpIigRqW1LtfZyF
Url: https://i.loli.net/2020/06/05/MuFxhgQVsE21P6Z.png
Delete url link: https://sm.ms/delete/X6k3cYJ9TErSpIigRqW1LtfZyF
Page link: https://sm.ms/image/MuFxhgQVsE21P6Z
RequestId = 14BE6E31-ACF1-4C80-9BBA-4025D5CBC895
Upload success
Msg = Upload success.
----------------------------
Id = 0
Filename: iosevka.png
FileInfo: 3600 x 2050
StoreName: 4m2fDTcF1lZ7E6x.png
Size: 346010
Path: /2020/06/05/4m2fDTcF1lZ7E6x.png
Hash: pXCryIYES76nbKTeiMlRDoVx2G
Url: https://i.loli.net/2020/06/05/4m2fDTcF1lZ7E6x.png
Delete url link: https://sm.ms/delete/pXCryIYES76nbKTeiMlRDoVx2G
Page link: https://sm.ms/image/4m2fDTcF1lZ7E6x
RequestId = 03C5D4E8-7726-4273-98CF-85309D48F9B8
